# JRE version: Java(TM) SE Runtime Environment (8.0_20-b26) (build 1.8.0_20-b26)
# Java VM: Java HotSpot(TM) 64-Bit Server VM (25.20-b23 mixed mode linux-amd64 compressed oops)
Heap:
 PSYoungGen      total 80896K, used 10223K [0x00000000eab00000, 0x00000000f0500000, 0x0000000100000000)
  eden space 70656K, 0% used [0x00000000eab00000,0x00000000eab00000,0x00000000ef000000)
  from space 10240K, 99% used [0x00000000ef000000,0x00000000ef9fbe60,0x00000000efa00000)
  to   space 9216K, 0% used [0x00000000efa00000,0x00000000efa00000,0x00000000f0300000)
 ParOldGen       total 46592K, used 21678K [0x00000000c0000000, 0x00000000c2d80000, 0x00000000eab00000)
  object space 46592K, 46% used [0x00000000c0000000,0x00000000c152b9a0,0x00000000c2d80000)
 Metaspace       used 6145K, capacity 7088K, committed 7296K, reserved 1056768K
  class space    used 589K, capacity 616K, committed 640K, reserved 1048576K
GC Heap History (10 events):
Event: 4,105 GC heap after
Heap after GC invocations=2 (full 0):
 PSYoungGen      total 20480K, used 2538K [0x00000000eab00000, 0x00000000ec180000, 0x0000000100000000)
  eden space 17920K, 0% used [0x00000000eab00000,0x00000000eab00000,0x00000000ebc80000)
  from space 2560K, 99% used [0x00000000ebf00000,0x00000000ec17a8d8,0x00000000ec180000)
  to   space 2560K, 0% used [0x00000000ebc80000,0x00000000ebc80000,0x00000000ebf00000)
 ParOldGen       total 46592K, used 2388K [0x00000000c0000000, 0x00000000c2d80000, 0x00000000eab00000)
  object space 46592K, 5% used [0x00000000c0000000,0x00000000c0255060,0x00000000c2d80000)
 Metaspace       used 5745K, capacity 6768K, committed 7040K, reserved 1056768K
  class space    used 586K, capacity 616K, committed 640K, reserved 1048576K
}
Event: 5,387 GC heap before
{Heap before GC invocations=3 (full 0):
 PSYoungGen      total 20480K, used 20458K [0x00000000eab00000, 0x00000000ec180000, 0x0000000100000000)
  eden space 17920K, 100% used [0x00000000eab00000,0x00000000ebc80000,0x00000000ebc80000)
  from space 2560K, 99% used [0x00000000ebf00000,0x00000000ec17a8d8,0x00000000ec180000)
  to   space 2560K, 0% used [0x00000000ebc80000,0x00000000ebc80000,0x00000000ebf00000)
 ParOldGen       total 46592K, used 2388K [0x00000000c0000000, 0x00000000c2d80000, 0x00000000eab00000)
  object space 46592K, 5% used [0x00000000c0000000,0x00000000c0255060,0x00000000c2d80000)
 Metaspace       used 5846K, capacity 6832K, committed 7040K, reserved 1056768K
  class space    used 588K, capacity 616K, committed 640K, reserved 1048576K
Event: 5,417 GC heap after
Heap after GC invocations=3 (full 0):
 PSYoungGen      total 20480K, used 2541K [0x00000000eab00000, 0x00000000ed300000, 0x0000000100000000)
  eden space 17920K, 0% used [0x00000000eab00000,0x00000000eab00000,0x00000000ebc80000)
  from space 2560K, 99% used [0x00000000ebc80000,0x00000000ebefb478,0x00000000ebf00000)
  to   space 2560K, 0% used [0x00000000ed080000,0x00000000ed080000,0x00000000ed300000)
 ParOldGen       total 46592K, used 5597K [0x00000000c0000000, 0x00000000c2d80000, 0x00000000eab00000)
  object space 46592K, 12% used [0x00000000c0000000,0x00000000c05776b8,0x00000000c2d80000)
 Metaspace       used 5846K, capacity 6832K, committed 7040K, reserved 1056768K
  class space    used 588K, capacity 616K, committed 640K, reserved 1048576K
}
Event: 6,273 GC heap before
{Heap before GC invocations=4 (full 0):
 PSYoungGen      total 20480K, used 20461K [0x00000000eab00000, 0x00000000ed300000, 0x0000000100000000)
  eden space 17920K, 100% used [0x00000000eab00000,0x00000000ebc80000,0x00000000ebc80000)
  from space 2560K, 99% used [0x00000000ebc80000,0x00000000ebefb478,0x00000000ebf00000)
  to   space 2560K, 0% used [0x00000000ed080000,0x00000000ed080000,0x00000000ed300000)
 ParOldGen       total 46592K, used 5597K [0x00000000c0000000, 0x00000000c2d80000, 0x00000000eab00000)
  object space 46592K, 12% used [0x00000000c0000000,0x00000000c05776b8,0x00000000c2d80000)
 Metaspace       used 5871K, capacity 6832K, committed 7040K, reserved 1056768K
  class space    used 588K, capacity 616K, committed 640K, reserved 1048576K
Event: 6,315 GC heap after
Heap after GC invocations=4 (full 0):
 PSYoungGen      total 38400K, used 2530K [0x00000000eab00000, 0x00000000ed300000, 0x0000000100000000)
  eden space 35840K, 0% used [0x00000000eab00000,0x00000000eab00000,0x00000000ece00000)
  from space 2560K, 98% used [0x00000000ed080000,0x00000000ed2f8858,0x00000000ed300000)
  to   space 2560K, 0% used [0x00000000ece00000,0x00000000ece00000,0x00000000ed080000)
 ParOldGen       total 46592K, used 8210K [0x00000000c0000000, 0x00000000c2d80000, 0x00000000eab00000)
  object space 46592K, 17% used [0x00000000c0000000,0x00000000c0804b98,0x00000000c2d80000)
 Metaspace       used 5871K, capacity 6832K, committed 7040K, reserved 1056768K
  class space    used 588K, capacity 616K, committed 640K, reserved 1048576K
}
Event: 19,786 GC heap before
{Heap before GC invocations=5 (full 0):
 PSYoungGen      total 38400K, used 38370K [0x00000000eab00000, 0x00000000ed300000, 0x0000000100000000)
  eden space 35840K, 100% used [0x00000000eab00000,0x00000000ece00000,0x00000000ece00000)
  from space 2560K, 98% used [0x00000000ed080000,0x00000000ed2f8858,0x00000000ed300000)
  to   space 2560K, 0% used [0x00000000ece00000,0x00000000ece00000,0x00000000ed080000)
 ParOldGen       total 46592K, used 8210K [0x00000000c0000000, 0x00000000c2d80000, 0x00000000eab00000)
  object space 46592K, 17% used [0x00000000c0000000,0x00000000c0804b98,0x00000000c2d80000)
 Metaspace       used 6054K, capacity 7024K, committed 7296K, reserved 1056768K
  class space    used 588K, capacity 616K, committed 640K, reserved 1048576K
Event: 19,874 GC heap after
Heap after GC invocations=5 (full 0):
 PSYoungGen      total 38400K, used 2541K [0x00000000eab00000, 0x00000000f0300000, 0x0000000100000000)
  eden space 35840K, 0% used [0x00000000eab00000,0x00000000eab00000,0x00000000ece00000)
  from space 2560K, 99% used [0x00000000ece00000,0x00000000ed07b478,0x00000000ed080000)
  to   space 9216K, 0% used [0x00000000efa00000,0x00000000efa00000,0x00000000f0300000)
 ParOldGen       total 46592K, used 12814K [0x00000000c0000000, 0x00000000c2d80000, 0x00000000eab00000)
  object space 46592K, 27% used [0x00000000c0000000,0x00000000c0c83a58,0x00000000c2d80000)
 Metaspace       used 6054K, capacity 7024K, committed 7296K, reserved 1056768K
  class space    used 588K, capacity 616K, committed 640K, reserved 1048576K
}
Event: 20,368 GC heap before
{Heap before GC invocations=6 (full 0):
 PSYoungGen      total 38400K, used 38381K [0x00000000eab00000, 0x00000000f0300000, 0x0000000100000000)
  eden space 35840K, 100% used [0x00000000eab00000,0x00000000ece00000,0x00000000ece00000)
  from space 2560K, 99% used [0x00000000ece00000,0x00000000ed07b478,0x00000000ed080000)
  to   space 9216K, 0% used [0x00000000efa00000,0x00000000efa00000,0x00000000f0300000)
 ParOldGen       total 46592K, used 12814K [0x00000000c0000000, 0x00000000c2d80000, 0x00000000eab00000)
  object space 46592K, 27% used [0x00000000c0000000,0x00000000c0c83a58,0x00000000c2d80000)
 Metaspace       used 6061K, capacity 7024K, committed 7296K, reserved 1056768K
  class space    used 589K, capacity 616K, committed 640K, reserved 1048576K
Event: 20,416 GC heap after
Heap after GC invocations=6 (full 0):
 PSYoungGen      total 79872K, used 8466K [0x00000000eab00000, 0x00000000f0500000, 0x0000000100000000)
  eden space 70656K, 0% used [0x00000000eab00000,0x00000000eab00000,0x00000000ef000000)
  from space 9216K, 91% used [0x00000000efa00000,0x00000000f0244878,0x00000000f0300000)
  to   space 10240K, 0% used [0x00000000ef000000,0x00000000ef000000,0x00000000efa00000)
 ParOldGen       total 46592K, used 12814K [0x00000000c0000000, 0x00000000c2d80000, 0x00000000eab00000)
  object space 46592K, 27% used [0x00000000c0000000,0x00000000c0c83a58,0x00000000c2d80000)
 Metaspace       used 6061K, capacity 7024K, committed 7296K, reserved 1056768K
  class space    used 589K, capacity 616K, committed 640K, reserved 1048576K
}
Event: 56,190 GC heap before
{Heap before GC invocations=7 (full 0):
 PSYoungGen      total 79872K, used 79122K [0x00000000eab00000, 0x00000000f0500000, 0x0000000100000000)
  eden space 70656K, 100% used [0x00000000eab00000,0x00000000ef000000,0x00000000ef000000)
  from space 9216K, 91% used [0x00000000efa00000,0x00000000f0244878,0x00000000f0300000)
  to   space 10240K, 0% used [0x00000000ef000000,0x00000000ef000000,0x00000000efa00000)
 ParOldGen       total 46592K, used 12814K [0x00000000c0000000, 0x00000000c2d80000, 0x00000000eab00000)
  object space 46592K, 27% used [0x00000000c0000000,0x00000000c0c83a58,0x00000000c2d80000)
 Metaspace       used 6145K, capacity 7088K, committed 7296K, reserved 1056768K
  class space    used 589K, capacity 616K, committed 640K, reserved 1048576K

